c:\users\celit\source\repos\dll2\debug\dll2.pch
c:\users\celit\source\repos\dll2\debug\vc141.pdb
c:\users\celit\source\repos\dll2\debug\vc141.idb
c:\users\celit\source\repos\dll2\debug\stdafx.obj
c:\users\celit\source\repos\dll2\debug\dllmain.obj
c:\users\celit\source\repos\dll2\debug\dll2.obj
c:\users\celit\source\repos\dll2\debug\dll2.lib
c:\users\celit\source\repos\dll2\debug\dll2.exp
c:\users\celit\source\repos\dll2\debug\dll2.ilk
c:\users\celit\source\repos\dll2\debug\dll2.dll
c:\users\celit\source\repos\dll2\debug\dll2.pdb
c:\users\celit\source\repos\dll2\vs\debug\dll2.obj
c:\users\celit\source\repos\dll2\vs\debug\dllmain.obj
c:\users\celit\source\repos\dll2\vs\debug\stdafx.obj
c:\users\celit\source\repos\dll2\vs\debug\dll2.ilk
c:\users\celit\source\repos\dll2\vs\debug\dll2.pch
c:\users\celit\source\repos\dll2\vs\debug\dll2.exp
c:\users\celit\source\repos\dll2\vs\debug\vc141.idb
c:\users\celit\source\repos\dll2\vs\debug\dll2.pdb
c:\users\celit\source\repos\dll2\vs\debug\vc141.pdb
c:\users\celit\source\repos\dll2\vs\debug\dll2.dll
c:\users\celit\source\repos\dll2\vs\debug\dll2.tlog\cl.command.1.tlog
c:\users\celit\source\repos\dll2\vs\debug\dll2.tlog\cl.read.1.tlog
c:\users\celit\source\repos\dll2\vs\debug\dll2.tlog\cl.write.1.tlog
c:\users\celit\source\repos\dll2\vs\debug\dll2.tlog\dll2.write.1u.tlog
c:\users\celit\source\repos\dll2\vs\debug\dll2.tlog\link.command.1.tlog
c:\users\celit\source\repos\dll2\vs\debug\dll2.tlog\link.read.1.tlog
c:\users\celit\source\repos\dll2\vs\debug\dll2.tlog\link.write.1.tlog
